Time resolution is 1 ps
Image width =         512, Image height =           3

Pixel           0 matching! 	Expected:   0 	Got:   0
Pixel           1 matching! 	Expected:   0 	Got:   0
Pixel           2 matching! 	Expected:   0 	Got:   0
Pixel           3 matching! 	Expected:   0 	Got:   0
Pixel           4 matching! 	Expected:   0 	Got:   0
Pixel           5 matching! 	Expected:   0 	Got:   0
Pixel           6 matching! 	Expected:   0 	Got:   0
Pixel           7 matching! 	Expected:   0 	Got:   0
Pixel           8 matching! 	Expected:   0 	Got:   0
Pixel           9 matching! 	Expected:   0 	Got:   0
Pixel          10 matching! 	Expected:   0 	Got:   0
Pixel          11 matching! 	Expected:   0 	Got:   0
Pixel          12 matching! 	Expected:   0 	Got:   0
Pixel          13 matching! 	Expected:   0 	Got:   0
Pixel          14 matching! 	Expected:   0 	Got:   0
Pixel          15 matching! 	Expected:   0 	Got:   0
Pixel          16 matching! 	Expected:   0 	Got:   0
Pixel          17 matching! 	Expected:   0 	Got:   0
Pixel          18 matching! 	Expected:   0 	Got:   0
Pixel          19 matching! 	Expected:   0 	Got:   0
Pixel          20 matching! 	Expected:   0 	Got:   0
Pixel          21 matching! 	Expected:   0 	Got:   0
Pixel          22 matching! 	Expected:   0 	Got:   0
Pixel          23 matching! 	Expected:   0 	Got:   0
Pixel          24 matching! 	Expected:   0 	Got:   0
Pixel          25 matching! 	Expected:   0 	Got:   0
Pixel          26 matching! 	Expected:   0 	Got:   0
Pixel          27 matching! 	Expected:   0 	Got:   0
Pixel          28 matching! 	Expected:   0 	Got:   0
Pixel          29 matching! 	Expected:   0 	Got:   0
Pixel          30 matching! 	Expected:   0 	Got:   0
Pixel          31 matching! 	Expected:   0 	Got:   0
Pixel          32 matching! 	Expected:   0 	Got:   0
Pixel          33 matching! 	Expected:   0 	Got:   0
Pixel          34 matching! 	Expected:   0 	Got:   0
Pixel          35 matching! 	Expected:   0 	Got:   0
Pixel          36 matching! 	Expected:   0 	Got:   0
Pixel          37 matching! 	Expected:   0 	Got:   0
Pixel          38 matching! 	Expected:   0 	Got:   0
Pixel          39 matching! 	Expected:   0 	Got:   0
Pixel          40 matching! 	Expected:   0 	Got:   0
Pixel          41 matching! 	Expected:   0 	Got:   0
Pixel          42 matching! 	Expected:   0 	Got:   0
Pixel          43 matching! 	Expected:   0 	Got:   0
Pixel          44 matching! 	Expected:   0 	Got:   0
Pixel          45 matching! 	Expected:   0 	Got:   0
Pixel          46 matching! 	Expected:   0 	Got:   0
Pixel          47 matching! 	Expected:   0 	Got:   0
Pixel          48 matching! 	Expected:   0 	Got:   0
Pixel          49 matching! 	Expected:   0 	Got:   0
Pixel          50 matching! 	Expected:   0 	Got:   0
Pixel          51 matching! 	Expected:   0 	Got:   0
Pixel          52 matching! 	Expected:   0 	Got:   0
Pixel          53 matching! 	Expected:   0 	Got:   0
Pixel          54 matching! 	Expected:   0 	Got:   0
Pixel          55 matching! 	Expected:   0 	Got:   0
Pixel          56 matching! 	Expected:   0 	Got:   0
Pixel          57 matching! 	Expected:   0 	Got:   0
Pixel          58 matching! 	Expected:   0 	Got:   0
Pixel          59 matching! 	Expected:   0 	Got:   0
Pixel          60 matching! 	Expected:   0 	Got:   0
Pixel          61 matching! 	Expected:   0 	Got:   0
Pixel          62 matching! 	Expected:   0 	Got:   0
Pixel          63 matching! 	Expected:   0 	Got:   0
Pixel          64 matching! 	Expected:   0 	Got:   0
Pixel          65 matching! 	Expected:   0 	Got:   0
Pixel          66 matching! 	Expected:   0 	Got:   0
Pixel          67 matching! 	Expected:   0 	Got:   0
Pixel          68 matching! 	Expected:   0 	Got:   0
Pixel          69 matching! 	Expected:   0 	Got:   0
Pixel          70 matching! 	Expected:   0 	Got:   0
Pixel          71 matching! 	Expected:   0 	Got:   0
Pixel          72 matching! 	Expected:   0 	Got:   0
Pixel          73 matching! 	Expected:   0 	Got:   0
Pixel          74 matching! 	Expected:   0 	Got:   0
Pixel          75 matching! 	Expected:   0 	Got:   0
Pixel          76 matching! 	Expected:   0 	Got:   0
Pixel          77 matching! 	Expected:   0 	Got:   0
Pixel          78 matching! 	Expected:   0 	Got:   0
Pixel          79 matching! 	Expected:   0 	Got:   0
Pixel          80 matching! 	Expected:   0 	Got:   0
Pixel          81 matching! 	Expected:   0 	Got:   0
Pixel          82 matching! 	Expected:   0 	Got:   0
Pixel          83 matching! 	Expected:   0 	Got:   0
Pixel          84 matching! 	Expected:   0 	Got:   0
Pixel          85 matching! 	Expected:   0 	Got:   0
Pixel          86 matching! 	Expected:   0 	Got:   0
Pixel          87 matching! 	Expected:   0 	Got:   0
Pixel          88 matching! 	Expected:   0 	Got:   0
Pixel          89 matching! 	Expected:   0 	Got:   0
Pixel          90 matching! 	Expected:   0 	Got:   0
Pixel          91 matching! 	Expected:   0 	Got:   0
Pixel          92 matching! 	Expected:   0 	Got:   0
Pixel          93 matching! 	Expected:   0 	Got:   0
Pixel          94 matching! 	Expected:   0 	Got:   0
Pixel          95 matching! 	Expected:   0 	Got:   0
Pixel          96 matching! 	Expected:   0 	Got:   0
Pixel          97 matching! 	Expected:   0 	Got:   0
Pixel          98 matching! 	Expected:   0 	Got:   0
Pixel          99 matching! 	Expected:   0 	Got:   0
Pixel         100 matching! 	Expected:   0 	Got:   0
Pixel         101 matching! 	Expected:   0 	Got:   0
Pixel         102 matching! 	Expected:   0 	Got:   0
Pixel         103 matching! 	Expected:   0 	Got:   0
Pixel         104 matching! 	Expected:   0 	Got:   0
Pixel         105 matching! 	Expected:   0 	Got:   0
Pixel         106 matching! 	Expected:   0 	Got:   0
Pixel         107 matching! 	Expected:   0 	Got:   0
Pixel         108 matching! 	Expected:   0 	Got:   0
Pixel         109 matching! 	Expected:   0 	Got:   0
Pixel         110 matching! 	Expected:   0 	Got:   0
Pixel         111 matching! 	Expected:   0 	Got:   0
Pixel         112 matching! 	Expected:   0 	Got:   0
Pixel         113 matching! 	Expected:   0 	Got:   0
Pixel         114 matching! 	Expected:   0 	Got:   0
Pixel         115 matching! 	Expected:   0 	Got:   0
Pixel         116 matching! 	Expected:   0 	Got:   0
Pixel         117 matching! 	Expected:   0 	Got:   0
Pixel         118 matching! 	Expected:   0 	Got:   0
Pixel         119 matching! 	Expected:   0 	Got:   0
Pixel         120 matching! 	Expected:   0 	Got:   0
Pixel         121 matching! 	Expected:   0 	Got:   0
Pixel         122 matching! 	Expected:   0 	Got:   0
Pixel         123 matching! 	Expected:   0 	Got:   0
Pixel         124 matching! 	Expected:   0 	Got:   0
Pixel         125 matching! 	Expected:   0 	Got:   0
Pixel         126 matching! 	Expected:   0 	Got:   0
Pixel         127 matching! 	Expected:   0 	Got:   0
Pixel         128 matching! 	Expected:   0 	Got:   0
Pixel         129 matching! 	Expected:   0 	Got:   0
Pixel         130 matching! 	Expected:   0 	Got:   0
Pixel         131 matching! 	Expected:   0 	Got:   0
Pixel         132 matching! 	Expected:   0 	Got:   0
Pixel         133 matching! 	Expected:   0 	Got:   0
Pixel         134 matching! 	Expected:   0 	Got:   0
Pixel         135 matching! 	Expected:   0 	Got:   0
Pixel         136 matching! 	Expected:   0 	Got:   0
Pixel         137 matching! 	Expected:   0 	Got:   0
Pixel         138 matching! 	Expected:   0 	Got:   0
Pixel         139 matching! 	Expected:   0 	Got:   0
Pixel         140 matching! 	Expected:   0 	Got:   0
Pixel         141 matching! 	Expected:   0 	Got:   0
Pixel         142 matching! 	Expected:   0 	Got:   0
Pixel         143 matching! 	Expected:   0 	Got:   0
Pixel         144 matching! 	Expected:   0 	Got:   0
Pixel         145 matching! 	Expected:   0 	Got:   0
Pixel         146 matching! 	Expected:   0 	Got:   0
Pixel         147 matching! 	Expected:   0 	Got:   0
Pixel         148 matching! 	Expected:   0 	Got:   0
Pixel         149 matching! 	Expected:   0 	Got:   0
Pixel         150 matching! 	Expected:   0 	Got:   0
Pixel         151 matching! 	Expected:   0 	Got:   0
Pixel         152 matching! 	Expected:   0 	Got:   0
Pixel         153 matching! 	Expected:   0 	Got:   0
Pixel         154 matching! 	Expected:   0 	Got:   0
Pixel         155 matching! 	Expected:   0 	Got:   0
Pixel         156 matching! 	Expected:   0 	Got:   0
Pixel         157 matching! 	Expected:   0 	Got:   0
Pixel         158 matching! 	Expected:   0 	Got:   0
Pixel         159 matching! 	Expected:   0 	Got:   0
Pixel         160 matching! 	Expected:   0 	Got:   0
Pixel         161 matching! 	Expected:   0 	Got:   0
Pixel         162 matching! 	Expected:   0 	Got:   0
Pixel         163 matching! 	Expected:   0 	Got:   0
Pixel         164 matching! 	Expected:   0 	Got:   0
Pixel         165 matching! 	Expected:   0 	Got:   0
Pixel         166 matching! 	Expected:   0 	Got:   0
Pixel         167 matching! 	Expected:   0 	Got:   0
Pixel         168 matching! 	Expected:   0 	Got:   0
Pixel         169 matching! 	Expected:   0 	Got:   0
Pixel         170 matching! 	Expected:   0 	Got:   0
Pixel         171 matching! 	Expected:   0 	Got:   0
Pixel         172 matching! 	Expected:   0 	Got:   0
Pixel         173 matching! 	Expected:   0 	Got:   0
Pixel         174 matching! 	Expected:   0 	Got:   0
Pixel         175 matching! 	Expected:   0 	Got:   0
Pixel         176 matching! 	Expected:   0 	Got:   0
Pixel         177 matching! 	Expected:   0 	Got:   0
Pixel         178 matching! 	Expected:   0 	Got:   0
Pixel         179 matching! 	Expected:   0 	Got:   0
Pixel         180 matching! 	Expected:   0 	Got:   0
Pixel         181 matching! 	Expected:   0 	Got:   0
Pixel         182 matching! 	Expected:   0 	Got:   0
Pixel         183 matching! 	Expected:   0 	Got:   0
Pixel         184 matching! 	Expected:   0 	Got:   0
Pixel         185 matching! 	Expected:   0 	Got:   0
Pixel         186 matching! 	Expected:   0 	Got:   0
Pixel         187 matching! 	Expected:   0 	Got:   0
Pixel         188 matching! 	Expected:   0 	Got:   0
Pixel         189 matching! 	Expected:   0 	Got:   0
Pixel         190 matching! 	Expected:   0 	Got:   0
Pixel         191 matching! 	Expected:   0 	Got:   0
Pixel         192 matching! 	Expected:   0 	Got:   0
Pixel         193 matching! 	Expected:   0 	Got:   0
Pixel         194 matching! 	Expected:   0 	Got:   0
Pixel         195 matching! 	Expected:   0 	Got:   0
Pixel         196 matching! 	Expected:   0 	Got:   0
Pixel         197 matching! 	Expected:   0 	Got:   0
Pixel         198 matching! 	Expected:   0 	Got:   0
Pixel         199 matching! 	Expected:   0 	Got:   0
Pixel         200 matching! 	Expected:   0 	Got:   0
Pixel         201 matching! 	Expected:   0 	Got:   0
Pixel         202 matching! 	Expected:   0 	Got:   0
Pixel         203 matching! 	Expected:   0 	Got:   0
Pixel         204 matching! 	Expected:   0 	Got:   0
Pixel         205 matching! 	Expected:   0 	Got:   0
Pixel         206 matching! 	Expected:   0 	Got:   0
Pixel         207 matching! 	Expected:   0 	Got:   0
Pixel         208 matching! 	Expected:   0 	Got:   0
Pixel         209 matching! 	Expected:   0 	Got:   0
Pixel         210 matching! 	Expected:   0 	Got:   0
Pixel         211 matching! 	Expected:   0 	Got:   0
Pixel         212 matching! 	Expected:   0 	Got:   0
Pixel         213 matching! 	Expected:   0 	Got:   0
Pixel         214 matching! 	Expected:   0 	Got:   0
Pixel         215 matching! 	Expected:   0 	Got:   0
Pixel         216 matching! 	Expected:   0 	Got:   0
Pixel         217 matching! 	Expected:   0 	Got:   0
Pixel         218 matching! 	Expected:   0 	Got:   0
Pixel         219 matching! 	Expected:   0 	Got:   0
Pixel         220 matching! 	Expected:   0 	Got:   0
Pixel         221 matching! 	Expected:   0 	Got:   0
Pixel         222 matching! 	Expected:   0 	Got:   0
Pixel         223 matching! 	Expected:   0 	Got:   0
Pixel         224 matching! 	Expected:   0 	Got:   0
Pixel         225 matching! 	Expected:   0 	Got:   0
Pixel         226 matching! 	Expected:   0 	Got:   0
Pixel         227 matching! 	Expected:   0 	Got:   0
Pixel         228 matching! 	Expected:   0 	Got:   0
Pixel         229 matching! 	Expected:   0 	Got:   0
Pixel         230 matching! 	Expected:   0 	Got:   0
Pixel         231 matching! 	Expected:   0 	Got:   0
Pixel         232 matching! 	Expected:   0 	Got:   0
Pixel         233 matching! 	Expected:   0 	Got:   0
Pixel         234 matching! 	Expected:   0 	Got:   0
Pixel         235 doesn't match! 	Expected:   0 	Got: 255
Pixel         236 matching! 	Expected:   0 	Got:   0
Pixel         237 matching! 	Expected:   0 	Got:   0
Pixel         238 matching! 	Expected:   0 	Got:   0
Pixel         239 matching! 	Expected:   0 	Got:   0
Pixel         240 matching! 	Expected:   0 	Got:   0
Pixel         241 matching! 	Expected:   0 	Got:   0
Pixel         242 matching! 	Expected:   0 	Got:   0
Pixel         243 matching! 	Expected:   0 	Got:   0
Pixel         244 matching! 	Expected:   0 	Got:   0
Pixel         245 matching! 	Expected:   0 	Got:   0
Pixel         246 matching! 	Expected:   0 	Got:   0
Pixel         247 matching! 	Expected:   0 	Got:   0
Pixel         248 matching! 	Expected:   0 	Got:   0
Pixel         249 matching! 	Expected:   0 	Got:   0
Pixel         250 matching! 	Expected:   0 	Got:   0
Pixel         251 matching! 	Expected:   0 	Got:   0
Pixel         252 matching! 	Expected:   0 	Got:   0
Pixel         253 matching! 	Expected:   0 	Got:   0
Pixel         254 matching! 	Expected:   0 	Got:   0
Pixel         255 matching! 	Expected:   0 	Got:   0
Pixel         256 matching! 	Expected:   0 	Got:   0
Pixel         257 matching! 	Expected:   0 	Got:   0
Pixel         258 matching! 	Expected:   0 	Got:   0
Pixel         259 matching! 	Expected:   0 	Got:   0
Pixel         260 matching! 	Expected:   0 	Got:   0
Pixel         261 matching! 	Expected:   0 	Got:   0
Pixel         262 matching! 	Expected:   0 	Got:   0
Pixel         263 matching! 	Expected:   0 	Got:   0
Pixel         264 matching! 	Expected:   0 	Got:   0
Pixel         265 matching! 	Expected:   0 	Got:   0
Pixel         266 matching! 	Expected:   0 	Got:   0
Pixel         267 matching! 	Expected:   0 	Got:   0
Pixel         268 matching! 	Expected:   0 	Got:   0
Pixel         269 matching! 	Expected:   0 	Got:   0
Pixel         270 matching! 	Expected:   0 	Got:   0
Pixel         271 matching! 	Expected:   0 	Got:   0
Pixel         272 matching! 	Expected:   0 	Got:   0
Pixel         273 matching! 	Expected:   0 	Got:   0
Pixel         274 matching! 	Expected:   0 	Got:   0
Pixel         275 matching! 	Expected:   0 	Got:   0
Pixel         276 matching! 	Expected:   0 	Got:   0
Pixel         277 matching! 	Expected:   0 	Got:   0
Pixel         278 matching! 	Expected:   0 	Got:   0
Pixel         279 matching! 	Expected:   0 	Got:   0
Pixel         280 matching! 	Expected:   0 	Got:   0
Pixel         281 matching! 	Expected:   0 	Got:   0
Pixel         282 matching! 	Expected:   0 	Got:   0
Pixel         283 matching! 	Expected:   0 	Got:   0
Pixel         284 matching! 	Expected:   0 	Got:   0
Pixel         285 matching! 	Expected:   0 	Got:   0
Pixel         286 matching! 	Expected:   0 	Got:   0
Pixel         287 matching! 	Expected:   0 	Got:   0
Pixel         288 matching! 	Expected:   0 	Got:   0
Pixel         289 matching! 	Expected:   0 	Got:   0
Pixel         290 matching! 	Expected:   0 	Got:   0
Pixel         291 matching! 	Expected:   0 	Got:   0
Pixel         292 matching! 	Expected:   0 	Got:   0
Pixel         293 matching! 	Expected:   0 	Got:   0
Pixel         294 matching! 	Expected:   0 	Got:   0
Pixel         295 matching! 	Expected:   0 	Got:   0
Pixel         296 matching! 	Expected:   0 	Got:   0
Pixel         297 matching! 	Expected:   0 	Got:   0
Pixel         298 matching! 	Expected:   0 	Got:   0
Pixel         299 matching! 	Expected:   0 	Got:   0
Pixel         300 matching! 	Expected:   0 	Got:   0
Pixel         301 matching! 	Expected:   0 	Got:   0
Pixel         302 matching! 	Expected:   0 	Got:   0
Pixel         303 matching! 	Expected:   0 	Got:   0
Pixel         304 matching! 	Expected:   0 	Got:   0
Pixel         305 matching! 	Expected:   0 	Got:   0
Pixel         306 matching! 	Expected:   0 	Got:   0
Pixel         307 matching! 	Expected:   0 	Got:   0
Pixel         308 matching! 	Expected:   0 	Got:   0
Pixel         309 matching! 	Expected:   0 	Got:   0
Pixel         310 matching! 	Expected:   0 	Got:   0
Pixel         311 matching! 	Expected:   0 	Got:   0
Pixel         312 matching! 	Expected:   0 	Got:   0
Pixel         313 matching! 	Expected:   0 	Got:   0
Pixel         314 matching! 	Expected:   0 	Got:   0
Pixel         315 matching! 	Expected:   0 	Got:   0
Pixel         316 matching! 	Expected:   0 	Got:   0
Pixel         317 matching! 	Expected:   0 	Got:   0
Pixel         318 matching! 	Expected:   0 	Got:   0
Pixel         319 matching! 	Expected:   0 	Got:   0
Pixel         320 matching! 	Expected:   0 	Got:   0
Pixel         321 matching! 	Expected:   0 	Got:   0
Pixel         322 matching! 	Expected:   0 	Got:   0
Pixel         323 matching! 	Expected:   0 	Got:   0
Pixel         324 matching! 	Expected:   0 	Got:   0
Pixel         325 matching! 	Expected:   0 	Got:   0
Pixel         326 matching! 	Expected:   0 	Got:   0
Pixel         327 matching! 	Expected:   0 	Got:   0
Pixel         328 matching! 	Expected:   0 	Got:   0
Pixel         329 matching! 	Expected:   0 	Got:   0
Pixel         330 matching! 	Expected:   0 	Got:   0
Pixel         331 matching! 	Expected:   0 	Got:   0
Pixel         332 matching! 	Expected:   0 	Got:   0
Pixel         333 matching! 	Expected:   0 	Got:   0
Pixel         334 matching! 	Expected:   0 	Got:   0
Pixel         335 matching! 	Expected:   0 	Got:   0
Pixel         336 matching! 	Expected:   0 	Got:   0
Pixel         337 matching! 	Expected:   0 	Got:   0
Pixel         338 matching! 	Expected:   0 	Got:   0
Pixel         339 matching! 	Expected:   0 	Got:   0
Pixel         340 matching! 	Expected:   0 	Got:   0
Pixel         341 matching! 	Expected:   0 	Got:   0
Pixel         342 matching! 	Expected:   0 	Got:   0
Pixel         343 matching! 	Expected:   0 	Got:   0
Pixel         344 matching! 	Expected:   0 	Got:   0
Pixel         345 matching! 	Expected:   0 	Got:   0
Pixel         346 matching! 	Expected:   0 	Got:   0
Pixel         347 matching! 	Expected:   0 	Got:   0
Pixel         348 matching! 	Expected:   0 	Got:   0
Pixel         349 matching! 	Expected:   0 	Got:   0
Pixel         350 matching! 	Expected:   0 	Got:   0
Pixel         351 matching! 	Expected:   0 	Got:   0
Pixel         352 matching! 	Expected:   0 	Got:   0
Pixel         353 matching! 	Expected:   0 	Got:   0
Pixel         354 matching! 	Expected:   0 	Got:   0
Pixel         355 matching! 	Expected:   0 	Got:   0
Pixel         356 matching! 	Expected:   0 	Got:   0
Pixel         357 matching! 	Expected:   0 	Got:   0
Pixel         358 matching! 	Expected:   0 	Got:   0
Pixel         359 matching! 	Expected:   0 	Got:   0
Pixel         360 matching! 	Expected:   0 	Got:   0
Pixel         361 matching! 	Expected:   0 	Got:   0
Pixel         362 matching! 	Expected:   0 	Got:   0
Pixel         363 matching! 	Expected:   0 	Got:   0
Pixel         364 matching! 	Expected:   0 	Got:   0
Pixel         365 matching! 	Expected:   0 	Got:   0
Pixel         366 matching! 	Expected:   0 	Got:   0
Pixel         367 matching! 	Expected:   0 	Got:   0
Pixel         368 matching! 	Expected:   0 	Got:   0
Pixel         369 matching! 	Expected:   0 	Got:   0
Pixel         370 matching! 	Expected:   0 	Got:   0
Pixel         371 matching! 	Expected:   0 	Got:   0
Pixel         372 matching! 	Expected:   0 	Got:   0
Pixel         373 matching! 	Expected:   0 	Got:   0
Pixel         374 matching! 	Expected:   0 	Got:   0
Pixel         375 matching! 	Expected:   0 	Got:   0
Pixel         376 matching! 	Expected:   0 	Got:   0
Pixel         377 matching! 	Expected:   0 	Got:   0
Pixel         378 matching! 	Expected:   0 	Got:   0
Pixel         379 matching! 	Expected:   0 	Got:   0
Pixel         380 matching! 	Expected:   0 	Got:   0
Pixel         381 matching! 	Expected:   0 	Got:   0
Pixel         382 matching! 	Expected:   0 	Got:   0
Pixel         383 matching! 	Expected:   0 	Got:   0
Pixel         384 matching! 	Expected:   0 	Got:   0
Pixel         385 matching! 	Expected:   0 	Got:   0
Pixel         386 matching! 	Expected:   0 	Got:   0
Pixel         387 matching! 	Expected:   0 	Got:   0
Pixel         388 matching! 	Expected:   0 	Got:   0
Pixel         389 matching! 	Expected:   0 	Got:   0
Pixel         390 matching! 	Expected:   0 	Got:   0
Pixel         391 matching! 	Expected:   0 	Got:   0
Pixel         392 matching! 	Expected:   0 	Got:   0
Pixel         393 matching! 	Expected:   0 	Got:   0
Pixel         394 matching! 	Expected:   0 	Got:   0
Pixel         395 matching! 	Expected:   0 	Got:   0
Pixel         396 matching! 	Expected:   0 	Got:   0
Pixel         397 matching! 	Expected:   0 	Got:   0
Pixel         398 matching! 	Expected:   0 	Got:   0
Pixel         399 matching! 	Expected:   0 	Got:   0
Pixel         400 matching! 	Expected:   0 	Got:   0
Pixel         401 matching! 	Expected:   0 	Got:   0
Pixel         402 matching! 	Expected:   0 	Got:   0
Pixel         403 matching! 	Expected:   0 	Got:   0
Pixel         404 matching! 	Expected:   0 	Got:   0
Pixel         405 matching! 	Expected:   0 	Got:   0
Pixel         406 matching! 	Expected:   0 	Got:   0
Pixel         407 matching! 	Expected:   0 	Got:   0
Pixel         408 matching! 	Expected:   0 	Got:   0
Pixel         409 matching! 	Expected:   0 	Got:   0
Pixel         410 matching! 	Expected:   0 	Got:   0
Pixel         411 matching! 	Expected:   0 	Got:   0
Pixel         412 matching! 	Expected:   0 	Got:   0
Pixel         413 matching! 	Expected:   0 	Got:   0
Pixel         414 matching! 	Expected:   0 	Got:   0
Pixel         415 matching! 	Expected:   0 	Got:   0
Pixel         416 matching! 	Expected:   0 	Got:   0
Pixel         417 matching! 	Expected:   0 	Got:   0
Pixel         418 matching! 	Expected:   0 	Got:   0
Pixel         419 matching! 	Expected:   0 	Got:   0
Pixel         420 matching! 	Expected:   0 	Got:   0
Pixel         421 matching! 	Expected:   0 	Got:   0
Pixel         422 matching! 	Expected:   0 	Got:   0
Pixel         423 matching! 	Expected:   0 	Got:   0
Pixel         424 matching! 	Expected:   0 	Got:   0
Pixel         425 matching! 	Expected:   0 	Got:   0
Pixel         426 matching! 	Expected:   0 	Got:   0
Pixel         427 matching! 	Expected:   0 	Got:   0
Pixel         428 matching! 	Expected:   0 	Got:   0
Pixel         429 matching! 	Expected:   0 	Got:   0
Pixel         430 matching! 	Expected:   0 	Got:   0
Pixel         431 matching! 	Expected:   0 	Got:   0
Pixel         432 matching! 	Expected:   0 	Got:   0
Pixel         433 matching! 	Expected:   0 	Got:   0
Pixel         434 matching! 	Expected:   0 	Got:   0
Pixel         435 matching! 	Expected:   0 	Got:   0
Pixel         436 matching! 	Expected:   0 	Got:   0
Pixel         437 matching! 	Expected:   0 	Got:   0
Pixel         438 matching! 	Expected:   0 	Got:   0
Pixel         439 matching! 	Expected:   0 	Got:   0
Pixel         440 matching! 	Expected:   0 	Got:   0
Pixel         441 matching! 	Expected:   0 	Got:   0
Pixel         442 matching! 	Expected:   0 	Got:   0
Pixel         443 matching! 	Expected:   0 	Got:   0
Pixel         444 matching! 	Expected:   0 	Got:   0
Pixel         445 matching! 	Expected:   0 	Got:   0
Pixel         446 matching! 	Expected:   0 	Got:   0
Pixel         447 matching! 	Expected:   0 	Got:   0
Pixel         448 matching! 	Expected:   0 	Got:   0
Pixel         449 matching! 	Expected:   0 	Got:   0
Pixel         450 matching! 	Expected:   0 	Got:   0
Pixel         451 matching! 	Expected:   0 	Got:   0
Pixel         452 matching! 	Expected:   0 	Got:   0
Pixel         453 matching! 	Expected:   0 	Got:   0
Pixel         454 matching! 	Expected:   0 	Got:   0
Pixel         455 matching! 	Expected:   0 	Got:   0
Pixel         456 matching! 	Expected:   0 	Got:   0
Pixel         457 matching! 	Expected:   0 	Got:   0
Pixel         458 matching! 	Expected:   0 	Got:   0
Pixel         459 matching! 	Expected:   0 	Got:   0
Pixel         460 matching! 	Expected:   0 	Got:   0
Pixel         461 matching! 	Expected:   0 	Got:   0
Pixel         462 matching! 	Expected:   0 	Got:   0
Pixel         463 matching! 	Expected:   0 	Got:   0
Pixel         464 matching! 	Expected:   0 	Got:   0
Pixel         465 matching! 	Expected:   0 	Got:   0
Pixel         466 matching! 	Expected:   0 	Got:   0
Pixel         467 matching! 	Expected:   0 	Got:   0
Pixel         468 matching! 	Expected:   0 	Got:   0
Pixel         469 matching! 	Expected:   0 	Got:   0
Pixel         470 matching! 	Expected:   0 	Got:   0
Pixel         471 matching! 	Expected:   0 	Got:   0
Pixel         472 matching! 	Expected:   0 	Got:   0
Pixel         473 matching! 	Expected:   0 	Got:   0
Pixel         474 matching! 	Expected:   0 	Got:   0
Pixel         475 matching! 	Expected:   0 	Got:   0
Pixel         476 matching! 	Expected:   0 	Got:   0
Pixel         477 matching! 	Expected:   0 	Got:   0
Pixel         478 matching! 	Expected:   0 	Got:   0
Pixel         479 matching! 	Expected:   0 	Got:   0
Pixel         480 matching! 	Expected:   0 	Got:   0
Pixel         481 matching! 	Expected:   0 	Got:   0
Pixel         482 matching! 	Expected:   0 	Got:   0
Pixel         483 matching! 	Expected:   0 	Got:   0
Pixel         484 matching! 	Expected:   0 	Got:   0
Pixel         485 matching! 	Expected:   0 	Got:   0
Pixel         486 matching! 	Expected:   0 	Got:   0
Pixel         487 matching! 	Expected:   0 	Got:   0
Pixel         488 matching! 	Expected:   0 	Got:   0
Pixel         489 matching! 	Expected:   0 	Got:   0
Pixel         490 matching! 	Expected:   0 	Got:   0
Pixel         491 matching! 	Expected:   0 	Got:   0
Pixel         492 matching! 	Expected:   0 	Got:   0
Pixel         493 matching! 	Expected:   0 	Got:   0
Pixel         494 matching! 	Expected:   0 	Got:   0
Pixel         495 matching! 	Expected:   0 	Got:   0
Pixel         496 matching! 	Expected:   0 	Got:   0
Pixel         497 matching! 	Expected:   0 	Got:   0
Pixel         498 matching! 	Expected:   0 	Got:   0
Pixel         499 matching! 	Expected:   0 	Got:   0
Pixel         500 matching! 	Expected:   0 	Got:   0
Pixel         501 matching! 	Expected:   0 	Got:   0
Pixel         502 matching! 	Expected:   0 	Got:   0
Pixel         503 matching! 	Expected:   0 	Got:   0
Pixel         504 matching! 	Expected:   0 	Got:   0
Pixel         505 matching! 	Expected:   0 	Got:   0
Pixel         506 matching! 	Expected:   0 	Got:   0
Pixel         507 matching! 	Expected:   0 	Got:   0
Pixel         508 matching! 	Expected:   0 	Got:   0
Pixel         509 matching! 	Expected:   0 	Got:   0
Pixel         510 matching! 	Expected:   0 	Got:   0
Pixel         511 matching! 	Expected:   0 	Got:   0
Pixel         512 matching! 	Expected:   0 	Got:   0
Pixel         513 matching! 	Expected:   0 	Got:   0
Pixel         514 matching! 	Expected:   0 	Got:   0
Pixel         515 matching! 	Expected:   0 	Got:   0
Pixel         516 matching! 	Expected:   0 	Got:   0
Pixel         517 matching! 	Expected:   0 	Got:   0
Pixel         518 matching! 	Expected:   0 	Got:   0
Pixel         519 matching! 	Expected:   0 	Got:   0
Pixel         520 matching! 	Expected:   0 	Got:   0
Pixel         521 matching! 	Expected:   0 	Got:   0
Pixel         522 matching! 	Expected:   0 	Got:   0
Pixel         523 matching! 	Expected:   0 	Got:   0
Pixel         524 matching! 	Expected:   0 	Got:   0
Pixel         525 matching! 	Expected:   0 	Got:   0
Pixel         526 matching! 	Expected:   0 	Got:   0
Pixel         527 matching! 	Expected:   0 	Got:   0
Pixel         528 matching! 	Expected:   0 	Got:   0
Pixel         529 matching! 	Expected:   0 	Got:   0
Pixel         530 matching! 	Expected:   0 	Got:   0
Pixel         531 matching! 	Expected:   0 	Got:   0
Pixel         532 matching! 	Expected:   0 	Got:   0
Pixel         533 matching! 	Expected:   0 	Got:   0
Pixel         534 matching! 	Expected:   0 	Got:   0
Pixel         535 matching! 	Expected:   0 	Got:   0
Pixel         536 matching! 	Expected:   0 	Got:   0
Pixel         537 matching! 	Expected:   0 	Got:   0
Pixel         538 matching! 	Expected:   0 	Got:   0
Pixel         539 matching! 	Expected:   0 	Got:   0
Pixel         540 matching! 	Expected:   0 	Got:   0
Pixel         541 matching! 	Expected:   0 	Got:   0
Pixel         542 matching! 	Expected:   0 	Got:   0
Pixel         543 matching! 	Expected:   0 	Got:   0
Pixel         544 matching! 	Expected:   0 	Got:   0
Pixel         545 matching! 	Expected:   0 	Got:   0
Pixel         546 matching! 	Expected:   0 	Got:   0
Pixel         547 matching! 	Expected:   0 	Got:   0
Pixel         548 matching! 	Expected:   0 	Got:   0
Pixel         549 matching! 	Expected:   0 	Got:   0
Pixel         550 matching! 	Expected:   0 	Got:   0
Pixel         551 matching! 	Expected:   0 	Got:   0
Pixel         552 matching! 	Expected:   0 	Got:   0
Pixel         553 matching! 	Expected:   0 	Got:   0
Pixel         554 matching! 	Expected:   0 	Got:   0
Pixel         555 matching! 	Expected:   0 	Got:   0
Pixel         556 matching! 	Expected:   0 	Got:   0
Pixel         557 matching! 	Expected:   0 	Got:   0
Pixel         558 matching! 	Expected:   0 	Got:   0
Pixel         559 matching! 	Expected:   0 	Got:   0
Pixel         560 matching! 	Expected:   0 	Got:   0
Pixel         561 matching! 	Expected:   0 	Got:   0
Pixel         562 matching! 	Expected:   0 	Got:   0
Pixel         563 matching! 	Expected:   0 	Got:   0
Pixel         564 matching! 	Expected:   0 	Got:   0
Pixel         565 matching! 	Expected:   0 	Got:   0
Pixel         566 matching! 	Expected:   0 	Got:   0
Pixel         567 matching! 	Expected:   0 	Got:   0
Pixel         568 matching! 	Expected:   0 	Got:   0
Pixel         569 matching! 	Expected:   0 	Got:   0
Pixel         570 matching! 	Expected:   0 	Got:   0
Pixel         571 matching! 	Expected:   0 	Got:   0
Pixel         572 matching! 	Expected:   0 	Got:   0
Pixel         573 matching! 	Expected:   0 	Got:   0
Pixel         574 matching! 	Expected:   0 	Got:   0
Pixel         575 matching! 	Expected:   0 	Got:   0
Pixel         576 matching! 	Expected:   0 	Got:   0
Pixel         577 matching! 	Expected:   0 	Got:   0
Pixel         578 matching! 	Expected:   0 	Got:   0
Pixel         579 matching! 	Expected:   0 	Got:   0
Pixel         580 matching! 	Expected:   0 	Got:   0
Pixel         581 matching! 	Expected:   0 	Got:   0
Pixel         582 matching! 	Expected:   0 	Got:   0
Pixel         583 matching! 	Expected:   0 	Got:   0
Pixel         584 matching! 	Expected:   0 	Got:   0
Pixel         585 matching! 	Expected:   0 	Got:   0
Pixel         586 matching! 	Expected:   0 	Got:   0
Pixel         587 matching! 	Expected:   0 	Got:   0
Pixel         588 matching! 	Expected:   0 	Got:   0
Pixel         589 matching! 	Expected:   0 	Got:   0
Pixel         590 matching! 	Expected:   0 	Got:   0
Pixel         591 matching! 	Expected:   0 	Got:   0
Pixel         592 matching! 	Expected:   0 	Got:   0
Pixel         593 matching! 	Expected:   0 	Got:   0
Pixel         594 matching! 	Expected:   0 	Got:   0
Pixel         595 matching! 	Expected:   0 	Got:   0
Pixel         596 matching! 	Expected:   0 	Got:   0
Pixel         597 matching! 	Expected:   0 	Got:   0
Pixel         598 matching! 	Expected:   0 	Got:   0
Pixel         599 matching! 	Expected:   0 	Got:   0
Pixel         600 matching! 	Expected:   0 	Got:   0
Pixel         601 matching! 	Expected:   0 	Got:   0
Pixel         602 matching! 	Expected:   0 	Got:   0
Pixel         603 matching! 	Expected:   0 	Got:   0
Pixel         604 matching! 	Expected:   0 	Got:   0
Pixel         605 matching! 	Expected:   0 	Got:   0
Pixel         606 matching! 	Expected:   0 	Got:   0
Pixel         607 matching! 	Expected:   0 	Got:   0
Pixel         608 matching! 	Expected:   0 	Got:   0
Pixel         609 matching! 	Expected:   0 	Got:   0
Pixel         610 matching! 	Expected:   0 	Got:   0
Pixel         611 matching! 	Expected:   0 	Got:   0
Pixel         612 matching! 	Expected:   0 	Got:   0
Pixel         613 matching! 	Expected:   0 	Got:   0
Pixel         614 matching! 	Expected:   0 	Got:   0
Pixel         615 matching! 	Expected:   0 	Got:   0
Pixel         616 matching! 	Expected:   0 	Got:   0
Pixel         617 matching! 	Expected:   0 	Got:   0
Pixel         618 matching! 	Expected:   0 	Got:   0
Pixel         619 matching! 	Expected:   0 	Got:   0
Pixel         620 matching! 	Expected:   0 	Got:   0
Pixel         621 matching! 	Expected:   0 	Got:   0
Pixel         622 matching! 	Expected:   0 	Got:   0
Pixel         623 matching! 	Expected:   0 	Got:   0
Pixel         624 matching! 	Expected:   0 	Got:   0
Pixel         625 matching! 	Expected:   0 	Got:   0
Pixel         626 matching! 	Expected:   0 	Got:   0
Pixel         627 matching! 	Expected:   0 	Got:   0
Pixel         628 matching! 	Expected:   0 	Got:   0
Pixel         629 matching! 	Expected:   0 	Got:   0
Pixel         630 matching! 	Expected:   0 	Got:   0
Pixel         631 matching! 	Expected:   0 	Got:   0
Pixel         632 matching! 	Expected:   0 	Got:   0
Pixel         633 matching! 	Expected:   0 	Got:   0
Pixel         634 matching! 	Expected:   0 	Got:   0
Pixel         635 matching! 	Expected:   0 	Got:   0
Pixel         636 matching! 	Expected:   0 	Got:   0
Pixel         637 matching! 	Expected:   0 	Got:   0
Pixel         638 matching! 	Expected:   0 	Got:   0
Pixel         639 matching! 	Expected:   0 	Got:   0
Pixel         640 matching! 	Expected:   0 	Got:   0
Pixel         641 matching! 	Expected:   0 	Got:   0
Pixel         642 matching! 	Expected:   0 	Got:   0
Pixel         643 matching! 	Expected:   0 	Got:   0
Pixel         644 matching! 	Expected:   0 	Got:   0
Pixel         645 matching! 	Expected:   0 	Got:   0
Pixel         646 matching! 	Expected:   0 	Got:   0
Pixel         647 matching! 	Expected:   0 	Got:   0
Pixel         648 matching! 	Expected:   0 	Got:   0
Pixel         649 matching! 	Expected:   0 	Got:   0
Pixel         650 matching! 	Expected:   0 	Got:   0
Pixel         651 matching! 	Expected:   0 	Got:   0
Pixel         652 matching! 	Expected:   0 	Got:   0
Pixel         653 matching! 	Expected:   0 	Got:   0
Pixel         654 matching! 	Expected:   0 	Got:   0
Pixel         655 matching! 	Expected:   0 	Got:   0
Pixel         656 matching! 	Expected:   0 	Got:   0
Pixel         657 matching! 	Expected:   0 	Got:   0
Pixel         658 matching! 	Expected:   0 	Got:   0
Pixel         659 matching! 	Expected:   0 	Got:   0
Pixel         660 matching! 	Expected:   0 	Got:   0
Pixel         661 matching! 	Expected:   0 	Got:   0
Pixel         662 matching! 	Expected:   0 	Got:   0
Pixel         663 matching! 	Expected:   0 	Got:   0
Pixel         664 matching! 	Expected:   0 	Got:   0
Pixel         665 matching! 	Expected:   0 	Got:   0
Pixel         666 matching! 	Expected:   0 	Got:   0
Pixel         667 matching! 	Expected:   0 	Got:   0
Pixel         668 matching! 	Expected:   0 	Got:   0
Pixel         669 matching! 	Expected:   0 	Got:   0
Pixel         670 matching! 	Expected:   0 	Got:   0
Pixel         671 matching! 	Expected:   0 	Got:   0
Pixel         672 matching! 	Expected:   0 	Got:   0
Pixel         673 matching! 	Expected:   0 	Got:   0
Pixel         674 matching! 	Expected:   0 	Got:   0
Pixel         675 matching! 	Expected:   0 	Got:   0
Pixel         676 matching! 	Expected:   0 	Got:   0
Pixel         677 matching! 	Expected:   0 	Got:   0
Pixel         678 matching! 	Expected:   0 	Got:   0
Pixel         679 matching! 	Expected:   0 	Got:   0
Pixel         680 matching! 	Expected:   0 	Got:   0
Pixel         681 matching! 	Expected:   0 	Got:   0
Pixel         682 matching! 	Expected:   0 	Got:   0
Pixel         683 matching! 	Expected:   0 	Got:   0
Pixel         684 matching! 	Expected:   0 	Got:   0
Pixel         685 matching! 	Expected:   0 	Got:   0
Pixel         686 matching! 	Expected:   0 	Got:   0
Pixel         687 matching! 	Expected:   0 	Got:   0
Pixel         688 matching! 	Expected:   0 	Got:   0
Pixel         689 matching! 	Expected:   0 	Got:   0
Pixel         690 matching! 	Expected:   0 	Got:   0
Pixel         691 matching! 	Expected:   0 	Got:   0
Pixel         692 matching! 	Expected:   0 	Got:   0
Pixel         693 matching! 	Expected:   0 	Got:   0
Pixel         694 matching! 	Expected:   0 	Got:   0
Pixel         695 matching! 	Expected:   0 	Got:   0
Pixel         696 matching! 	Expected:   0 	Got:   0
Pixel         697 matching! 	Expected:   0 	Got:   0
Pixel         698 matching! 	Expected:   0 	Got:   0
Pixel         699 matching! 	Expected:   0 	Got:   0
Pixel         700 matching! 	Expected:   0 	Got:   0
Pixel         701 matching! 	Expected:   0 	Got:   0
Pixel         702 matching! 	Expected:   0 	Got:   0
Pixel         703 matching! 	Expected:   0 	Got:   0
Pixel         704 matching! 	Expected:   0 	Got:   0
Pixel         705 matching! 	Expected:   0 	Got:   0
Pixel         706 matching! 	Expected:   0 	Got:   0
Pixel         707 matching! 	Expected:   0 	Got:   0
Pixel         708 matching! 	Expected:   0 	Got:   0
Pixel         709 matching! 	Expected:   0 	Got:   0
Pixel         710 matching! 	Expected:   0 	Got:   0
Pixel         711 matching! 	Expected:   0 	Got:   0
Pixel         712 matching! 	Expected:   0 	Got:   0
Pixel         713 matching! 	Expected:   0 	Got:   0
Pixel         714 matching! 	Expected:   0 	Got:   0
Pixel         715 matching! 	Expected:   0 	Got:   0
Pixel         716 matching! 	Expected:   0 	Got:   0
Pixel         717 matching! 	Expected:   0 	Got:   0
Pixel         718 matching! 	Expected:   0 	Got:   0
Pixel         719 matching! 	Expected:   0 	Got:   0
Pixel         720 matching! 	Expected:   0 	Got:   0
Pixel         721 matching! 	Expected:   0 	Got:   0
Pixel         722 matching! 	Expected:   0 	Got:   0
Pixel         723 matching! 	Expected:   0 	Got:   0
Pixel         724 matching! 	Expected:   0 	Got:   0
Pixel         725 matching! 	Expected:   0 	Got:   0
Pixel         726 matching! 	Expected:   0 	Got:   0
Pixel         727 matching! 	Expected:   0 	Got:   0
Pixel         728 matching! 	Expected:   0 	Got:   0
Pixel         729 matching! 	Expected:   0 	Got:   0
Pixel         730 matching! 	Expected:   0 	Got:   0
Pixel         731 matching! 	Expected:   0 	Got:   0
Pixel         732 matching! 	Expected:   0 	Got:   0
Pixel         733 matching! 	Expected:   0 	Got:   0
Pixel         734 matching! 	Expected:   0 	Got:   0
Pixel         735 matching! 	Expected:   0 	Got:   0
Pixel         736 matching! 	Expected:   0 	Got:   0
Pixel         737 matching! 	Expected:   0 	Got:   0
Pixel         738 matching! 	Expected:   0 	Got:   0
Pixel         739 matching! 	Expected:   0 	Got:   0
Pixel         740 matching! 	Expected:   0 	Got:   0
Pixel         741 matching! 	Expected:   0 	Got:   0
Pixel         742 matching! 	Expected:   0 	Got:   0
Pixel         743 matching! 	Expected:   0 	Got:   0
Pixel         744 matching! 	Expected:   0 	Got:   0
Pixel         745 matching! 	Expected:   0 	Got:   0
Pixel         746 matching! 	Expected:   0 	Got:   0
Pixel         747 matching! 	Expected:   0 	Got:   0
Pixel         748 doesn't match! 	Expected: 255 	Got:   0
Pixel         749 matching! 	Expected:   0 	Got:   0
Pixel         750 matching! 	Expected:   0 	Got:   0
Pixel         751 matching! 	Expected:   0 	Got:   0
Pixel         752 matching! 	Expected:   0 	Got:   0
Pixel         753 matching! 	Expected:   0 	Got:   0
Pixel         754 matching! 	Expected:   0 	Got:   0
Pixel         755 matching! 	Expected:   0 	Got:   0
Pixel         756 matching! 	Expected:   0 	Got:   0
Pixel         757 matching! 	Expected:   0 	Got:   0
Pixel         758 matching! 	Expected:   0 	Got:   0
Pixel         759 matching! 	Expected:   0 	Got:   0
Pixel         760 matching! 	Expected:   0 	Got:   0
Pixel         761 matching! 	Expected:   0 	Got:   0
Pixel         762 matching! 	Expected:   0 	Got:   0
Pixel         763 matching! 	Expected:   0 	Got:   0
Pixel         764 matching! 	Expected:   0 	Got:   0
Pixel         765 matching! 	Expected:   0 	Got:   0
Pixel         766 matching! 	Expected:   0 	Got:   0
Pixel         767 matching! 	Expected:   0 	Got:   0
Pixel         768 matching! 	Expected:   0 	Got:   0
Pixel         769 matching! 	Expected:   0 	Got:   0
Pixel         770 matching! 	Expected:   0 	Got:   0
Pixel         771 matching! 	Expected:   0 	Got:   0
Pixel         772 matching! 	Expected:   0 	Got:   0
Pixel         773 matching! 	Expected:   0 	Got:   0
Pixel         774 matching! 	Expected:   0 	Got:   0
Pixel         775 matching! 	Expected:   0 	Got:   0
Pixel         776 matching! 	Expected:   0 	Got:   0
Pixel         777 matching! 	Expected:   0 	Got:   0
Pixel         778 matching! 	Expected:   0 	Got:   0
Pixel         779 matching! 	Expected:   0 	Got:   0
Pixel         780 matching! 	Expected:   0 	Got:   0
Pixel         781 matching! 	Expected:   0 	Got:   0
Pixel         782 matching! 	Expected:   0 	Got:   0
Pixel         783 matching! 	Expected:   0 	Got:   0
Pixel         784 matching! 	Expected:   0 	Got:   0
Pixel         785 matching! 	Expected:   0 	Got:   0
Pixel         786 matching! 	Expected:   0 	Got:   0
Pixel         787 matching! 	Expected:   0 	Got:   0
Pixel         788 matching! 	Expected:   0 	Got:   0
Pixel         789 matching! 	Expected:   0 	Got:   0
Pixel         790 matching! 	Expected:   0 	Got:   0
Pixel         791 matching! 	Expected:   0 	Got:   0
Pixel         792 matching! 	Expected:   0 	Got:   0
Pixel         793 matching! 	Expected:   0 	Got:   0
Pixel         794 matching! 	Expected:   0 	Got:   0
Pixel         795 matching! 	Expected:   0 	Got:   0
Pixel         796 matching! 	Expected:   0 	Got:   0
Pixel         797 matching! 	Expected:   0 	Got:   0
Pixel         798 matching! 	Expected:   0 	Got:   0
Pixel         799 matching! 	Expected:   0 	Got:   0
Pixel         800 matching! 	Expected:   0 	Got:   0
Pixel         801 matching! 	Expected:   0 	Got:   0
Pixel         802 matching! 	Expected:   0 	Got:   0
Pixel         803 matching! 	Expected:   0 	Got:   0
Pixel         804 matching! 	Expected:   0 	Got:   0
Pixel         805 matching! 	Expected:   0 	Got:   0
Pixel         806 matching! 	Expected:   0 	Got:   0
Pixel         807 matching! 	Expected:   0 	Got:   0
Pixel         808 matching! 	Expected:   0 	Got:   0
Pixel         809 matching! 	Expected:   0 	Got:   0
Pixel         810 matching! 	Expected:   0 	Got:   0
Pixel         811 matching! 	Expected:   0 	Got:   0
Pixel         812 matching! 	Expected:   0 	Got:   0
Pixel         813 matching! 	Expected:   0 	Got:   0
Pixel         814 matching! 	Expected:   0 	Got:   0
Pixel         815 matching! 	Expected:   0 	Got:   0
Pixel         816 matching! 	Expected:   0 	Got:   0
Pixel         817 matching! 	Expected:   0 	Got:   0
Pixel         818 matching! 	Expected:   0 	Got:   0
Pixel         819 matching! 	Expected:   0 	Got:   0
Pixel         820 matching! 	Expected:   0 	Got:   0
Pixel         821 matching! 	Expected:   0 	Got:   0
Pixel         822 matching! 	Expected:   0 	Got:   0
Pixel         823 matching! 	Expected:   0 	Got:   0
Pixel         824 matching! 	Expected:   0 	Got:   0
Pixel         825 matching! 	Expected:   0 	Got:   0
Pixel         826 matching! 	Expected:   0 	Got:   0
Pixel         827 matching! 	Expected:   0 	Got:   0
Pixel         828 matching! 	Expected:   0 	Got:   0
Pixel         829 matching! 	Expected:   0 	Got:   0
Pixel         830 matching! 	Expected:   0 	Got:   0
Pixel         831 matching! 	Expected:   0 	Got:   0
Pixel         832 matching! 	Expected:   0 	Got:   0
Pixel         833 matching! 	Expected:   0 	Got:   0
Pixel         834 matching! 	Expected:   0 	Got:   0
Pixel         835 matching! 	Expected:   0 	Got:   0
Pixel         836 matching! 	Expected:   0 	Got:   0
Pixel         837 matching! 	Expected:   0 	Got:   0
Pixel         838 matching! 	Expected:   0 	Got:   0
Pixel         839 matching! 	Expected:   0 	Got:   0
Pixel         840 matching! 	Expected:   0 	Got:   0
Pixel         841 matching! 	Expected:   0 	Got:   0
Pixel         842 matching! 	Expected:   0 	Got:   0
Pixel         843 matching! 	Expected:   0 	Got:   0
Pixel         844 matching! 	Expected:   0 	Got:   0
Pixel         845 matching! 	Expected:   0 	Got:   0
Pixel         846 matching! 	Expected:   0 	Got:   0
Pixel         847 matching! 	Expected:   0 	Got:   0
Pixel         848 matching! 	Expected:   0 	Got:   0
Pixel         849 matching! 	Expected:   0 	Got:   0
Pixel         850 matching! 	Expected:   0 	Got:   0
Pixel         851 matching! 	Expected:   0 	Got:   0
Pixel         852 matching! 	Expected:   0 	Got:   0
Pixel         853 matching! 	Expected:   0 	Got:   0
Pixel         854 matching! 	Expected:   0 	Got:   0
Pixel         855 matching! 	Expected:   0 	Got:   0
Pixel         856 matching! 	Expected:   0 	Got:   0
Pixel         857 matching! 	Expected:   0 	Got:   0
Pixel         858 matching! 	Expected:   0 	Got:   0
Pixel         859 matching! 	Expected:   0 	Got:   0
Pixel         860 matching! 	Expected:   0 	Got:   0
Pixel         861 matching! 	Expected:   0 	Got:   0
Pixel         862 matching! 	Expected:   0 	Got:   0
Pixel         863 matching! 	Expected:   0 	Got:   0
Pixel         864 matching! 	Expected:   0 	Got:   0
Pixel         865 matching! 	Expected:   0 	Got:   0
Pixel         866 matching! 	Expected:   0 	Got:   0
Pixel         867 matching! 	Expected:   0 	Got:   0
Pixel         868 matching! 	Expected:   0 	Got:   0
Pixel         869 matching! 	Expected:   0 	Got:   0
Pixel         870 matching! 	Expected:   0 	Got:   0
Pixel         871 matching! 	Expected:   0 	Got:   0
Pixel         872 matching! 	Expected:   0 	Got:   0
Pixel         873 matching! 	Expected:   0 	Got:   0
Pixel         874 matching! 	Expected:   0 	Got:   0
Pixel         875 matching! 	Expected:   0 	Got:   0
Pixel         876 matching! 	Expected:   0 	Got:   0
Pixel         877 matching! 	Expected:   0 	Got:   0
Pixel         878 matching! 	Expected:   0 	Got:   0
Pixel         879 matching! 	Expected:   0 	Got:   0
Pixel         880 matching! 	Expected:   0 	Got:   0
Pixel         881 matching! 	Expected:   0 	Got:   0
Pixel         882 matching! 	Expected:   0 	Got:   0
Pixel         883 matching! 	Expected:   0 	Got:   0
Pixel         884 matching! 	Expected:   0 	Got:   0
Pixel         885 matching! 	Expected:   0 	Got:   0
Pixel         886 matching! 	Expected:   0 	Got:   0
Pixel         887 matching! 	Expected:   0 	Got:   0
Pixel         888 matching! 	Expected:   0 	Got:   0
Pixel         889 matching! 	Expected:   0 	Got:   0
Pixel         890 matching! 	Expected:   0 	Got:   0
Pixel         891 matching! 	Expected:   0 	Got:   0
Pixel         892 matching! 	Expected:   0 	Got:   0
Pixel         893 matching! 	Expected:   0 	Got:   0
Pixel         894 matching! 	Expected:   0 	Got:   0
Pixel         895 matching! 	Expected:   0 	Got:   0
Pixel         896 matching! 	Expected:   0 	Got:   0
Pixel         897 matching! 	Expected:   0 	Got:   0
Pixel         898 matching! 	Expected:   0 	Got:   0
Pixel         899 matching! 	Expected:   0 	Got:   0
Pixel         900 matching! 	Expected:   0 	Got:   0
Pixel         901 matching! 	Expected:   0 	Got:   0
Pixel         902 matching! 	Expected:   0 	Got:   0
Pixel         903 matching! 	Expected:   0 	Got:   0
Pixel         904 matching! 	Expected:   0 	Got:   0
Pixel         905 matching! 	Expected:   0 	Got:   0
Pixel         906 matching! 	Expected:   0 	Got:   0
Pixel         907 matching! 	Expected:   0 	Got:   0
Pixel         908 matching! 	Expected:   0 	Got:   0
Pixel         909 matching! 	Expected:   0 	Got:   0
Pixel         910 matching! 	Expected:   0 	Got:   0
Pixel         911 matching! 	Expected:   0 	Got:   0
Pixel         912 matching! 	Expected:   0 	Got:   0
Pixel         913 matching! 	Expected:   0 	Got:   0
Pixel         914 matching! 	Expected:   0 	Got:   0
Pixel         915 matching! 	Expected:   0 	Got:   0
Pixel         916 matching! 	Expected:   0 	Got:   0
Pixel         917 matching! 	Expected:   0 	Got:   0
Pixel         918 matching! 	Expected:   0 	Got:   0
Pixel         919 matching! 	Expected:   0 	Got:   0
Pixel         920 matching! 	Expected:   0 	Got:   0
Pixel         921 matching! 	Expected:   0 	Got:   0
Pixel         922 matching! 	Expected:   0 	Got:   0
Pixel         923 matching! 	Expected:   0 	Got:   0
Pixel         924 matching! 	Expected:   0 	Got:   0
Pixel         925 matching! 	Expected:   0 	Got:   0
Pixel         926 matching! 	Expected:   0 	Got:   0
Pixel         927 matching! 	Expected:   0 	Got:   0
Pixel         928 matching! 	Expected:   0 	Got:   0
Pixel         929 matching! 	Expected:   0 	Got:   0
Pixel         930 matching! 	Expected:   0 	Got:   0
Pixel         931 matching! 	Expected:   0 	Got:   0
Pixel         932 matching! 	Expected:   0 	Got:   0
Pixel         933 matching! 	Expected:   0 	Got:   0
Pixel         934 matching! 	Expected:   0 	Got:   0
Pixel         935 matching! 	Expected:   0 	Got:   0
Pixel         936 matching! 	Expected:   0 	Got:   0
Pixel         937 matching! 	Expected:   0 	Got:   0
Pixel         938 matching! 	Expected:   0 	Got:   0
Pixel         939 matching! 	Expected:   0 	Got:   0
Pixel         940 matching! 	Expected:   0 	Got:   0
Pixel         941 matching! 	Expected:   0 	Got:   0
Pixel         942 matching! 	Expected:   0 	Got:   0
Pixel         943 matching! 	Expected:   0 	Got:   0
Pixel         944 matching! 	Expected:   0 	Got:   0
Pixel         945 matching! 	Expected:   0 	Got:   0
Pixel         946 matching! 	Expected:   0 	Got:   0
Pixel         947 matching! 	Expected:   0 	Got:   0
Pixel         948 matching! 	Expected:   0 	Got:   0
Pixel         949 matching! 	Expected:   0 	Got:   0
Pixel         950 matching! 	Expected:   0 	Got:   0
Pixel         951 matching! 	Expected:   0 	Got:   0
Pixel         952 matching! 	Expected:   0 	Got:   0
Pixel         953 matching! 	Expected:   0 	Got:   0
Pixel         954 matching! 	Expected:   0 	Got:   0
Pixel         955 matching! 	Expected:   0 	Got:   0
Pixel         956 matching! 	Expected:   0 	Got:   0
Pixel         957 matching! 	Expected:   0 	Got:   0
Pixel         958 matching! 	Expected:   0 	Got:   0
Pixel         959 matching! 	Expected:   0 	Got:   0
Pixel         960 matching! 	Expected:   0 	Got:   0
Pixel         961 matching! 	Expected:   0 	Got:   0
Pixel         962 matching! 	Expected:   0 	Got:   0
Pixel         963 matching! 	Expected:   0 	Got:   0
Pixel         964 matching! 	Expected:   0 	Got:   0
Pixel         965 matching! 	Expected:   0 	Got:   0
Pixel         966 matching! 	Expected:   0 	Got:   0
Pixel         967 matching! 	Expected:   0 	Got:   0
Pixel         968 matching! 	Expected:   0 	Got:   0
Pixel         969 matching! 	Expected:   0 	Got:   0
Pixel         970 matching! 	Expected:   0 	Got:   0
Pixel         971 matching! 	Expected:   0 	Got:   0
Pixel         972 matching! 	Expected:   0 	Got:   0
Pixel         973 matching! 	Expected:   0 	Got:   0
Pixel         974 matching! 	Expected:   0 	Got:   0
Pixel         975 matching! 	Expected:   0 	Got:   0
Pixel         976 matching! 	Expected:   0 	Got:   0
Pixel         977 matching! 	Expected:   0 	Got:   0
Pixel         978 matching! 	Expected:   0 	Got:   0
Pixel         979 matching! 	Expected:   0 	Got:   0
Pixel         980 matching! 	Expected:   0 	Got:   0
Pixel         981 matching! 	Expected:   0 	Got:   0
Pixel         982 matching! 	Expected:   0 	Got:   0
Pixel         983 matching! 	Expected:   0 	Got:   0
Pixel         984 matching! 	Expected:   0 	Got:   0
Pixel         985 matching! 	Expected:   0 	Got:   0
Pixel         986 matching! 	Expected:   0 	Got:   0
Pixel         987 matching! 	Expected:   0 	Got:   0
Pixel         988 matching! 	Expected:   0 	Got:   0
Pixel         989 matching! 	Expected:   0 	Got:   0
Pixel         990 matching! 	Expected:   0 	Got:   0
Pixel         991 matching! 	Expected:   0 	Got:   0
Pixel         992 matching! 	Expected:   0 	Got:   0
Pixel         993 matching! 	Expected:   0 	Got:   0
Pixel         994 matching! 	Expected:   0 	Got:   0
Pixel         995 matching! 	Expected:   0 	Got:   0
Pixel         996 matching! 	Expected:   0 	Got:   0
Pixel         997 matching! 	Expected:   0 	Got:   0
Pixel         998 matching! 	Expected:   0 	Got:   0
Pixel         999 matching! 	Expected:   0 	Got:   0
Pixel        1000 matching! 	Expected:   0 	Got:   0
Pixel        1001 matching! 	Expected:   0 	Got:   0
Pixel        1002 matching! 	Expected:   0 	Got:   0
Pixel        1003 matching! 	Expected:   0 	Got:   0
Pixel        1004 matching! 	Expected:   0 	Got:   0
Pixel        1005 matching! 	Expected:   0 	Got:   0
Pixel        1006 matching! 	Expected:   0 	Got:   0
Pixel        1007 matching! 	Expected:   0 	Got:   0
Pixel        1008 matching! 	Expected:   0 	Got:   0
Pixel        1009 matching! 	Expected:   0 	Got:   0
Pixel        1010 matching! 	Expected:   0 	Got:   0
Pixel        1011 matching! 	Expected:   0 	Got:   0
Pixel        1012 matching! 	Expected:   0 	Got:   0
Pixel        1013 matching! 	Expected:   0 	Got:   0
Pixel        1014 matching! 	Expected:   0 	Got:   0
Pixel        1015 matching! 	Expected:   0 	Got:   0
Pixel        1016 matching! 	Expected:   0 	Got:   0
Pixel        1017 matching! 	Expected:   0 	Got:   0
Pixel        1018 matching! 	Expected:   0 	Got:   0
Pixel        1019 matching! 	Expected:   0 	Got:   0
Pixel        1020 matching! 	Expected:   0 	Got:   0
Pixel        1021 matching! 	Expected:   0 	Got:   0
Pixel        1022 matching! 	Expected:   0 	Got:   0
Pixel        1023 matching! 	Expected:   0 	Got:   0
Pixel        1024 matching! 	Expected:   0 	Got:   0
Pixel        1025 matching! 	Expected:   0 	Got:   0
Pixel        1026 matching! 	Expected:   0 	Got:   0
Pixel        1027 matching! 	Expected:   0 	Got:   0
Pixel        1028 matching! 	Expected:   0 	Got:   0
Pixel        1029 matching! 	Expected:   0 	Got:   0
Pixel        1030 matching! 	Expected:   0 	Got:   0
Pixel        1031 matching! 	Expected:   0 	Got:   0
Pixel        1032 matching! 	Expected:   0 	Got:   0
Pixel        1033 matching! 	Expected:   0 	Got:   0
Pixel        1034 matching! 	Expected:   0 	Got:   0
Pixel        1035 matching! 	Expected:   0 	Got:   0
Pixel        1036 matching! 	Expected:   0 	Got:   0
Pixel        1037 matching! 	Expected:   0 	Got:   0
Pixel        1038 matching! 	Expected:   0 	Got:   0
Pixel        1039 matching! 	Expected:   0 	Got:   0
Pixel        1040 matching! 	Expected:   0 	Got:   0
Pixel        1041 matching! 	Expected:   0 	Got:   0
Pixel        1042 matching! 	Expected:   0 	Got:   0
Pixel        1043 matching! 	Expected:   0 	Got:   0
Pixel        1044 matching! 	Expected:   0 	Got:   0
Pixel        1045 matching! 	Expected:   0 	Got:   0
Pixel        1046 matching! 	Expected:   0 	Got:   0
Pixel        1047 matching! 	Expected:   0 	Got:   0
Pixel        1048 matching! 	Expected:   0 	Got:   0
Pixel        1049 matching! 	Expected:   0 	Got:   0
Pixel        1050 matching! 	Expected:   0 	Got:   0
Pixel        1051 matching! 	Expected:   0 	Got:   0
Pixel        1052 matching! 	Expected:   0 	Got:   0
Pixel        1053 matching! 	Expected:   0 	Got:   0
Pixel        1054 matching! 	Expected:   0 	Got:   0
Pixel        1055 matching! 	Expected:   0 	Got:   0
Pixel        1056 matching! 	Expected:   0 	Got:   0
Pixel        1057 matching! 	Expected:   0 	Got:   0
Pixel        1058 matching! 	Expected:   0 	Got:   0
Pixel        1059 matching! 	Expected:   0 	Got:   0
Pixel        1060 matching! 	Expected:   0 	Got:   0
Pixel        1061 matching! 	Expected:   0 	Got:   0
Pixel        1062 matching! 	Expected:   0 	Got:   0
Pixel        1063 matching! 	Expected:   0 	Got:   0
Pixel        1064 matching! 	Expected:   0 	Got:   0
Pixel        1065 matching! 	Expected:   0 	Got:   0
Pixel        1066 matching! 	Expected:   0 	Got:   0
Pixel        1067 matching! 	Expected:   0 	Got:   0
Pixel        1068 matching! 	Expected:   0 	Got:   0
Pixel        1069 matching! 	Expected:   0 	Got:   0
Pixel        1070 matching! 	Expected:   0 	Got:   0
Pixel        1071 matching! 	Expected:   0 	Got:   0
Pixel        1072 matching! 	Expected:   0 	Got:   0
Pixel        1073 matching! 	Expected:   0 	Got:   0
Pixel        1074 matching! 	Expected:   0 	Got:   0
Pixel        1075 matching! 	Expected:   0 	Got:   0
Pixel        1076 matching! 	Expected:   0 	Got:   0
Pixel        1077 matching! 	Expected:   0 	Got:   0
Pixel        1078 matching! 	Expected:   0 	Got:   0
Pixel        1079 matching! 	Expected:   0 	Got:   0
Pixel        1080 matching! 	Expected:   0 	Got:   0
Pixel        1081 matching! 	Expected:   0 	Got:   0
Pixel        1082 matching! 	Expected:   0 	Got:   0
Pixel        1083 matching! 	Expected:   0 	Got:   0
Pixel        1084 matching! 	Expected:   0 	Got:   0
Pixel        1085 matching! 	Expected:   0 	Got:   0
Pixel        1086 matching! 	Expected:   0 	Got:   0
Pixel        1087 matching! 	Expected:   0 	Got:   0
Pixel        1088 matching! 	Expected:   0 	Got:   0
Pixel        1089 matching! 	Expected:   0 	Got:   0
Pixel        1090 matching! 	Expected:   0 	Got:   0
Pixel        1091 matching! 	Expected:   0 	Got:   0
Pixel        1092 matching! 	Expected:   0 	Got:   0
Pixel        1093 matching! 	Expected:   0 	Got:   0
Pixel        1094 matching! 	Expected:   0 	Got:   0
Pixel        1095 matching! 	Expected:   0 	Got:   0
Pixel        1096 matching! 	Expected:   0 	Got:   0
Pixel        1097 matching! 	Expected:   0 	Got:   0
Pixel        1098 matching! 	Expected:   0 	Got:   0
Pixel        1099 matching! 	Expected:   0 	Got:   0
Pixel        1100 matching! 	Expected:   0 	Got:   0
Pixel        1101 matching! 	Expected:   0 	Got:   0
Pixel        1102 matching! 	Expected:   0 	Got:   0
Pixel        1103 matching! 	Expected:   0 	Got:   0
Pixel        1104 matching! 	Expected:   0 	Got:   0
Pixel        1105 matching! 	Expected:   0 	Got:   0
Pixel        1106 matching! 	Expected:   0 	Got:   0
Pixel        1107 matching! 	Expected:   0 	Got:   0
Pixel        1108 matching! 	Expected:   0 	Got:   0
Pixel        1109 matching! 	Expected:   0 	Got:   0
Pixel        1110 matching! 	Expected:   0 	Got:   0
Pixel        1111 matching! 	Expected:   0 	Got:   0
Pixel        1112 matching! 	Expected:   0 	Got:   0
Pixel        1113 matching! 	Expected:   0 	Got:   0
Pixel        1114 matching! 	Expected:   0 	Got:   0
Pixel        1115 matching! 	Expected:   0 	Got:   0
Pixel        1116 matching! 	Expected:   0 	Got:   0
Pixel        1117 matching! 	Expected:   0 	Got:   0
Pixel        1118 matching! 	Expected:   0 	Got:   0
Pixel        1119 matching! 	Expected:   0 	Got:   0
Pixel        1120 matching! 	Expected:   0 	Got:   0
Pixel        1121 matching! 	Expected:   0 	Got:   0
Pixel        1122 matching! 	Expected:   0 	Got:   0
Pixel        1123 matching! 	Expected:   0 	Got:   0
Pixel        1124 matching! 	Expected:   0 	Got:   0
Pixel        1125 matching! 	Expected:   0 	Got:   0
Pixel        1126 matching! 	Expected:   0 	Got:   0
Pixel        1127 matching! 	Expected:   0 	Got:   0
Pixel        1128 matching! 	Expected:   0 	Got:   0
Pixel        1129 matching! 	Expected:   0 	Got:   0
Pixel        1130 matching! 	Expected:   0 	Got:   0
Pixel        1131 matching! 	Expected:   0 	Got:   0
Pixel        1132 matching! 	Expected:   0 	Got:   0
Pixel        1133 matching! 	Expected:   0 	Got:   0
Pixel        1134 matching! 	Expected:   0 	Got:   0
Pixel        1135 matching! 	Expected:   0 	Got:   0
Pixel        1136 matching! 	Expected:   0 	Got:   0
Pixel        1137 matching! 	Expected:   0 	Got:   0
Pixel        1138 matching! 	Expected:   0 	Got:   0
Pixel        1139 matching! 	Expected:   0 	Got:   0
Pixel        1140 matching! 	Expected:   0 	Got:   0
Pixel        1141 matching! 	Expected:   0 	Got:   0
Pixel        1142 matching! 	Expected:   0 	Got:   0
Pixel        1143 matching! 	Expected:   0 	Got:   0
Pixel        1144 matching! 	Expected:   0 	Got:   0
Pixel        1145 matching! 	Expected:   0 	Got:   0
Pixel        1146 matching! 	Expected:   0 	Got:   0
Pixel        1147 matching! 	Expected:   0 	Got:   0
Pixel        1148 matching! 	Expected:   0 	Got:   0
Pixel        1149 matching! 	Expected:   0 	Got:   0
Pixel        1150 matching! 	Expected:   0 	Got:   0
Pixel        1151 matching! 	Expected:   0 	Got:   0
Pixel        1152 matching! 	Expected:   0 	Got:   0
Pixel        1153 matching! 	Expected:   0 	Got:   0
Pixel        1154 matching! 	Expected:   0 	Got:   0
Pixel        1155 matching! 	Expected:   0 	Got:   0
Pixel        1156 matching! 	Expected:   0 	Got:   0
Pixel        1157 matching! 	Expected:   0 	Got:   0
Pixel        1158 matching! 	Expected:   0 	Got:   0
Pixel        1159 matching! 	Expected:   0 	Got:   0
Pixel        1160 matching! 	Expected:   0 	Got:   0
Pixel        1161 matching! 	Expected:   0 	Got:   0
Pixel        1162 matching! 	Expected:   0 	Got:   0
Pixel        1163 matching! 	Expected:   0 	Got:   0
Pixel        1164 matching! 	Expected:   0 	Got:   0
Pixel        1165 matching! 	Expected:   0 	Got:   0
Pixel        1166 matching! 	Expected:   0 	Got:   0
Pixel        1167 matching! 	Expected:   0 	Got:   0
Pixel        1168 matching! 	Expected:   0 	Got:   0
Pixel        1169 matching! 	Expected:   0 	Got:   0
Pixel        1170 matching! 	Expected:   0 	Got:   0
Pixel        1171 matching! 	Expected:   0 	Got:   0
Pixel        1172 matching! 	Expected:   0 	Got:   0
Pixel        1173 matching! 	Expected:   0 	Got:   0
Pixel        1174 matching! 	Expected:   0 	Got:   0
Pixel        1175 matching! 	Expected:   0 	Got:   0
Pixel        1176 matching! 	Expected:   0 	Got:   0
Pixel        1177 matching! 	Expected:   0 	Got:   0
Pixel        1178 matching! 	Expected:   0 	Got:   0
Pixel        1179 matching! 	Expected:   0 	Got:   0
Pixel        1180 matching! 	Expected:   0 	Got:   0
Pixel        1181 matching! 	Expected:   0 	Got:   0
Pixel        1182 matching! 	Expected:   0 	Got:   0
Pixel        1183 matching! 	Expected:   0 	Got:   0
Pixel        1184 matching! 	Expected:   0 	Got:   0
Pixel        1185 matching! 	Expected:   0 	Got:   0
Pixel        1186 matching! 	Expected:   0 	Got:   0
Pixel        1187 matching! 	Expected:   0 	Got:   0
Pixel        1188 matching! 	Expected:   0 	Got:   0
Pixel        1189 matching! 	Expected:   0 	Got:   0
Pixel        1190 matching! 	Expected:   0 	Got:   0
Pixel        1191 matching! 	Expected:   0 	Got:   0
Pixel        1192 matching! 	Expected:   0 	Got:   0
Pixel        1193 matching! 	Expected:   0 	Got:   0
Pixel        1194 matching! 	Expected:   0 	Got:   0
Pixel        1195 matching! 	Expected:   0 	Got:   0
Pixel        1196 matching! 	Expected:   0 	Got:   0
Pixel        1197 matching! 	Expected:   0 	Got:   0
Pixel        1198 matching! 	Expected:   0 	Got:   0
Pixel        1199 matching! 	Expected:   0 	Got:   0
Pixel        1200 matching! 	Expected:   0 	Got:   0
Pixel        1201 matching! 	Expected:   0 	Got:   0
Pixel        1202 matching! 	Expected:   0 	Got:   0
Pixel        1203 matching! 	Expected:   0 	Got:   0
Pixel        1204 matching! 	Expected:   0 	Got:   0
Pixel        1205 matching! 	Expected:   0 	Got:   0
Pixel        1206 matching! 	Expected:   0 	Got:   0
Pixel        1207 matching! 	Expected:   0 	Got:   0
Pixel        1208 matching! 	Expected:   0 	Got:   0
Pixel        1209 matching! 	Expected:   0 	Got:   0
Pixel        1210 matching! 	Expected:   0 	Got:   0
Pixel        1211 matching! 	Expected:   0 	Got:   0
Pixel        1212 matching! 	Expected:   0 	Got:   0
Pixel        1213 matching! 	Expected:   0 	Got:   0
Pixel        1214 matching! 	Expected:   0 	Got:   0
Pixel        1215 matching! 	Expected:   0 	Got:   0
Pixel        1216 matching! 	Expected:   0 	Got:   0
Pixel        1217 matching! 	Expected:   0 	Got:   0
Pixel        1218 matching! 	Expected:   0 	Got:   0
Pixel        1219 matching! 	Expected:   0 	Got:   0
Pixel        1220 matching! 	Expected:   0 	Got:   0
Pixel        1221 matching! 	Expected:   0 	Got:   0
Pixel        1222 matching! 	Expected:   0 	Got:   0
Pixel        1223 matching! 	Expected:   0 	Got:   0
Pixel        1224 matching! 	Expected:   0 	Got:   0
Pixel        1225 matching! 	Expected:   0 	Got:   0
Pixel        1226 matching! 	Expected:   0 	Got:   0
Pixel        1227 matching! 	Expected:   0 	Got:   0
Pixel        1228 matching! 	Expected:   0 	Got:   0
Pixel        1229 matching! 	Expected:   0 	Got:   0
Pixel        1230 matching! 	Expected:   0 	Got:   0
Pixel        1231 matching! 	Expected:   0 	Got:   0
Pixel        1232 matching! 	Expected:   0 	Got:   0
Pixel        1233 matching! 	Expected:   0 	Got:   0
Pixel        1234 matching! 	Expected:   0 	Got:   0
Pixel        1235 matching! 	Expected:   0 	Got:   0
Pixel        1236 matching! 	Expected:   0 	Got:   0
Pixel        1237 matching! 	Expected:   0 	Got:   0
Pixel        1238 matching! 	Expected:   0 	Got:   0
Pixel        1239 matching! 	Expected:   0 	Got:   0
Pixel        1240 matching! 	Expected:   0 	Got:   0
Pixel        1241 matching! 	Expected:   0 	Got:   0
Pixel        1242 matching! 	Expected:   0 	Got:   0
Pixel        1243 matching! 	Expected:   0 	Got:   0
Pixel        1244 matching! 	Expected:   0 	Got:   0
Pixel        1245 matching! 	Expected:   0 	Got:   0
Pixel        1246 matching! 	Expected:   0 	Got:   0
Pixel        1247 matching! 	Expected:   0 	Got:   0
Pixel        1248 matching! 	Expected:   0 	Got:   0
Pixel        1249 matching! 	Expected:   0 	Got:   0
Pixel        1250 matching! 	Expected:   0 	Got:   0
Pixel        1251 matching! 	Expected:   0 	Got:   0
Pixel        1252 matching! 	Expected:   0 	Got:   0
Pixel        1253 matching! 	Expected:   0 	Got:   0
Pixel        1254 matching! 	Expected:   0 	Got:   0
Pixel        1255 matching! 	Expected:   0 	Got:   0
Pixel        1256 matching! 	Expected:   0 	Got:   0
Pixel        1257 matching! 	Expected:   0 	Got:   0
Pixel        1258 matching! 	Expected:   0 	Got:   0
Pixel        1259 matching! 	Expected:   0 	Got:   0
Pixel        1260 matching! 	Expected:   0 	Got:   0
Pixel        1261 matching! 	Expected:   0 	Got:   0
Pixel        1262 matching! 	Expected:   0 	Got:   0
Pixel        1263 matching! 	Expected:   0 	Got:   0
Pixel        1264 matching! 	Expected:   0 	Got:   0
Pixel        1265 matching! 	Expected:   0 	Got:   0
Pixel        1266 matching! 	Expected:   0 	Got:   0
Pixel        1267 matching! 	Expected:   0 	Got:   0
Pixel        1268 matching! 	Expected:   0 	Got:   0
Pixel        1269 matching! 	Expected:   0 	Got:   0
Pixel        1270 matching! 	Expected:   0 	Got:   0
Pixel        1271 matching! 	Expected:   0 	Got:   0
Pixel        1272 matching! 	Expected:   0 	Got:   0
Pixel        1273 matching! 	Expected:   0 	Got:   0
Pixel        1274 matching! 	Expected:   0 	Got:   0
Pixel        1275 matching! 	Expected:   0 	Got:   0
Pixel        1276 matching! 	Expected:   0 	Got:   0
Pixel        1277 matching! 	Expected:   0 	Got:   0
Pixel        1278 matching! 	Expected:   0 	Got:   0
Pixel        1279 matching! 	Expected:   0 	Got:   0
Pixel        1280 matching! 	Expected:   0 	Got:   0
Pixel        1281 matching! 	Expected:   0 	Got:   0
Pixel        1282 matching! 	Expected:   0 	Got:   0
Pixel        1283 matching! 	Expected:   0 	Got:   0
Pixel        1284 matching! 	Expected:   0 	Got:   0
Pixel        1285 matching! 	Expected:   0 	Got:   0
Pixel        1286 matching! 	Expected:   0 	Got:   0
Pixel        1287 matching! 	Expected:   0 	Got:   0
Pixel        1288 matching! 	Expected:   0 	Got:   0
Pixel        1289 matching! 	Expected:   0 	Got:   0
Pixel        1290 matching! 	Expected:   0 	Got:   0
Pixel        1291 matching! 	Expected:   0 	Got:   0
Pixel        1292 matching! 	Expected:   0 	Got:   0
Pixel        1293 matching! 	Expected:   0 	Got:   0
Pixel        1294 matching! 	Expected:   0 	Got:   0
Pixel        1295 matching! 	Expected:   0 	Got:   0
Pixel        1296 matching! 	Expected:   0 	Got:   0
Pixel        1297 matching! 	Expected:   0 	Got:   0
Pixel        1298 matching! 	Expected:   0 	Got:   0
Pixel        1299 matching! 	Expected:   0 	Got:   0
Pixel        1300 matching! 	Expected:   0 	Got:   0
Pixel        1301 matching! 	Expected:   0 	Got:   0
Pixel        1302 matching! 	Expected:   0 	Got:   0
Pixel        1303 matching! 	Expected:   0 	Got:   0
Pixel        1304 matching! 	Expected:   0 	Got:   0
Pixel        1305 matching! 	Expected:   0 	Got:   0
Pixel        1306 matching! 	Expected:   0 	Got:   0
Pixel        1307 matching! 	Expected:   0 	Got:   0
Pixel        1308 matching! 	Expected:   0 	Got:   0
Pixel        1309 matching! 	Expected:   0 	Got:   0
Pixel        1310 matching! 	Expected:   0 	Got:   0
Pixel        1311 matching! 	Expected:   0 	Got:   0
Pixel        1312 matching! 	Expected:   0 	Got:   0
Pixel        1313 matching! 	Expected:   0 	Got:   0
Pixel        1314 matching! 	Expected:   0 	Got:   0
Pixel        1315 matching! 	Expected:   0 	Got:   0
Pixel        1316 matching! 	Expected:   0 	Got:   0
Pixel        1317 matching! 	Expected:   0 	Got:   0
Pixel        1318 matching! 	Expected:   0 	Got:   0
Pixel        1319 matching! 	Expected:   0 	Got:   0
Pixel        1320 matching! 	Expected:   0 	Got:   0
Pixel        1321 matching! 	Expected:   0 	Got:   0
Pixel        1322 matching! 	Expected:   0 	Got:   0
Pixel        1323 matching! 	Expected:   0 	Got:   0
Pixel        1324 matching! 	Expected:   0 	Got:   0
Pixel        1325 matching! 	Expected:   0 	Got:   0
Pixel        1326 matching! 	Expected:   0 	Got:   0
Pixel        1327 matching! 	Expected:   0 	Got:   0
Pixel        1328 matching! 	Expected:   0 	Got:   0
Pixel        1329 matching! 	Expected:   0 	Got:   0
Pixel        1330 matching! 	Expected:   0 	Got:   0
Pixel        1331 matching! 	Expected:   0 	Got:   0
Pixel        1332 matching! 	Expected:   0 	Got:   0
Pixel        1333 matching! 	Expected:   0 	Got:   0
Pixel        1334 matching! 	Expected:   0 	Got:   0
Pixel        1335 matching! 	Expected:   0 	Got:   0
Pixel        1336 matching! 	Expected:   0 	Got:   0
Pixel        1337 matching! 	Expected:   0 	Got:   0
Pixel        1338 matching! 	Expected:   0 	Got:   0
Pixel        1339 matching! 	Expected:   0 	Got:   0
Pixel        1340 matching! 	Expected:   0 	Got:   0
Pixel        1341 matching! 	Expected:   0 	Got:   0
Pixel        1342 matching! 	Expected:   0 	Got:   0
Pixel        1343 matching! 	Expected:   0 	Got:   0
Pixel        1344 matching! 	Expected:   0 	Got:   0
Pixel        1345 matching! 	Expected:   0 	Got:   0
Pixel        1346 matching! 	Expected:   0 	Got:   0
Pixel        1347 matching! 	Expected:   0 	Got:   0
Pixel        1348 matching! 	Expected:   0 	Got:   0
Pixel        1349 matching! 	Expected:   0 	Got:   0
Pixel        1350 matching! 	Expected:   0 	Got:   0
Pixel        1351 matching! 	Expected:   0 	Got:   0
Pixel        1352 matching! 	Expected:   0 	Got:   0
Pixel        1353 matching! 	Expected:   0 	Got:   0
Pixel        1354 matching! 	Expected:   0 	Got:   0
Pixel        1355 matching! 	Expected:   0 	Got:   0
Pixel        1356 matching! 	Expected:   0 	Got:   0
Pixel        1357 matching! 	Expected:   0 	Got:   0
Pixel        1358 matching! 	Expected:   0 	Got:   0
Pixel        1359 matching! 	Expected:   0 	Got:   0
Pixel        1360 matching! 	Expected:   0 	Got:   0
Pixel        1361 matching! 	Expected:   0 	Got:   0
Pixel        1362 matching! 	Expected:   0 	Got:   0
Pixel        1363 matching! 	Expected:   0 	Got:   0
Pixel        1364 matching! 	Expected:   0 	Got:   0
Pixel        1365 matching! 	Expected:   0 	Got:   0
Pixel        1366 matching! 	Expected:   0 	Got:   0
Pixel        1367 matching! 	Expected:   0 	Got:   0
Pixel        1368 matching! 	Expected:   0 	Got:   0
Pixel        1369 matching! 	Expected:   0 	Got:   0
Pixel        1370 matching! 	Expected:   0 	Got:   0
Pixel        1371 matching! 	Expected:   0 	Got:   0
Pixel        1372 matching! 	Expected:   0 	Got:   0
Pixel        1373 matching! 	Expected:   0 	Got:   0
Pixel        1374 matching! 	Expected:   0 	Got:   0
Pixel        1375 matching! 	Expected:   0 	Got:   0
Pixel        1376 matching! 	Expected:   0 	Got:   0
Pixel        1377 matching! 	Expected:   0 	Got:   0
Pixel        1378 matching! 	Expected:   0 	Got:   0
Pixel        1379 matching! 	Expected:   0 	Got:   0
Pixel        1380 matching! 	Expected:   0 	Got:   0
Pixel        1381 matching! 	Expected:   0 	Got:   0
Pixel        1382 matching! 	Expected:   0 	Got:   0
Pixel        1383 matching! 	Expected:   0 	Got:   0
Pixel        1384 matching! 	Expected:   0 	Got:   0
Pixel        1385 matching! 	Expected:   0 	Got:   0
Pixel        1386 matching! 	Expected:   0 	Got:   0
Pixel        1387 matching! 	Expected:   0 	Got:   0
Pixel        1388 matching! 	Expected:   0 	Got:   0
Pixel        1389 matching! 	Expected:   0 	Got:   0
Pixel        1390 matching! 	Expected:   0 	Got:   0
Pixel        1391 matching! 	Expected:   0 	Got:   0
Pixel        1392 matching! 	Expected:   0 	Got:   0
Pixel        1393 matching! 	Expected:   0 	Got:   0
Pixel        1394 matching! 	Expected:   0 	Got:   0
Pixel        1395 matching! 	Expected:   0 	Got:   0
Pixel        1396 matching! 	Expected:   0 	Got:   0
Pixel        1397 matching! 	Expected:   0 	Got:   0
Pixel        1398 matching! 	Expected:   0 	Got:   0
Pixel        1399 matching! 	Expected:   0 	Got:   0
Pixel        1400 matching! 	Expected:   0 	Got:   0
Pixel        1401 matching! 	Expected:   0 	Got:   0
Pixel        1402 matching! 	Expected:   0 	Got:   0
Pixel        1403 matching! 	Expected:   0 	Got:   0
Pixel        1404 matching! 	Expected:   0 	Got:   0
Pixel        1405 matching! 	Expected:   0 	Got:   0
Pixel        1406 matching! 	Expected:   0 	Got:   0
Pixel        1407 matching! 	Expected:   0 	Got:   0
Pixel        1408 matching! 	Expected:   0 	Got:   0
Pixel        1409 matching! 	Expected:   0 	Got:   0
Pixel        1410 matching! 	Expected:   0 	Got:   0
Pixel        1411 matching! 	Expected:   0 	Got:   0
Pixel        1412 matching! 	Expected:   0 	Got:   0
Pixel        1413 matching! 	Expected:   0 	Got:   0
Pixel        1414 matching! 	Expected:   0 	Got:   0
Pixel        1415 matching! 	Expected:   0 	Got:   0
Pixel        1416 matching! 	Expected:   0 	Got:   0
Pixel        1417 matching! 	Expected:   0 	Got:   0
Pixel        1418 matching! 	Expected:   0 	Got:   0
Pixel        1419 matching! 	Expected:   0 	Got:   0
Pixel        1420 matching! 	Expected:   0 	Got:   0
Pixel        1421 matching! 	Expected:   0 	Got:   0
Pixel        1422 matching! 	Expected:   0 	Got:   0
Pixel        1423 matching! 	Expected:   0 	Got:   0
Pixel        1424 matching! 	Expected:   0 	Got:   0
Pixel        1425 matching! 	Expected:   0 	Got:   0
Pixel        1426 matching! 	Expected:   0 	Got:   0
Pixel        1427 matching! 	Expected:   0 	Got:   0
Pixel        1428 matching! 	Expected:   0 	Got:   0
Pixel        1429 matching! 	Expected:   0 	Got:   0
Pixel        1430 matching! 	Expected:   0 	Got:   0
Pixel        1431 matching! 	Expected:   0 	Got:   0
Pixel        1432 matching! 	Expected:   0 	Got:   0
Pixel        1433 matching! 	Expected:   0 	Got:   0
Pixel        1434 matching! 	Expected:   0 	Got:   0
Pixel        1435 matching! 	Expected:   0 	Got:   0
Pixel        1436 matching! 	Expected:   0 	Got:   0
Pixel        1437 matching! 	Expected:   0 	Got:   0
Pixel        1438 matching! 	Expected:   0 	Got:   0
Pixel        1439 matching! 	Expected:   0 	Got:   0
Pixel        1440 matching! 	Expected:   0 	Got:   0
Pixel        1441 matching! 	Expected:   0 	Got:   0
Pixel        1442 matching! 	Expected:   0 	Got:   0
Pixel        1443 matching! 	Expected:   0 	Got:   0
Pixel        1444 matching! 	Expected:   0 	Got:   0
Pixel        1445 matching! 	Expected:   0 	Got:   0
Pixel        1446 matching! 	Expected:   0 	Got:   0
Pixel        1447 matching! 	Expected:   0 	Got:   0
Pixel        1448 matching! 	Expected:   0 	Got:   0
Pixel        1449 matching! 	Expected:   0 	Got:   0
Pixel        1450 matching! 	Expected:   0 	Got:   0
Pixel        1451 matching! 	Expected:   0 	Got:   0
Pixel        1452 matching! 	Expected:   0 	Got:   0
Pixel        1453 matching! 	Expected:   0 	Got:   0
Pixel        1454 matching! 	Expected:   0 	Got:   0
Pixel        1455 matching! 	Expected:   0 	Got:   0
Pixel        1456 matching! 	Expected:   0 	Got:   0
Pixel        1457 matching! 	Expected:   0 	Got:   0
Pixel        1458 matching! 	Expected:   0 	Got:   0
Pixel        1459 matching! 	Expected:   0 	Got:   0
Pixel        1460 matching! 	Expected:   0 	Got:   0
Pixel        1461 matching! 	Expected:   0 	Got:   0
Pixel        1462 matching! 	Expected:   0 	Got:   0
Pixel        1463 matching! 	Expected:   0 	Got:   0
Pixel        1464 matching! 	Expected:   0 	Got:   0
Pixel        1465 matching! 	Expected:   0 	Got:   0
Pixel        1466 matching! 	Expected